<?xml version="1.0" encoding="UTF-8"?>
<!-- Generated by org.testng.reporters.JUnitXMLReporter -->
<testsuite hostname="DESKTOP-5SL4C2D" ignored="0" name="Exercise1" tests="3" failures="0" timestamp="2020-06-23T23:51:05 IST" time="16.367" errors="0">
  <testcase name="openBrowser" time="6.471" classname="com.ibm.assignment.day7.Exercise1"/>
  <testcase name="logIn" time="8.679" classname="com.ibm.assignment.day7.Exercise1"/>
  <testcase name="logOut" time="1.151" classname="com.ibm.assignment.day7.Exercise1"/>
</testsuite> <!-- Exercise1 -->
